<?xml version="1.0" encoding="UTF-8"?>
<testng-results skipped="0" failed="0" ignored="0" total="1" passed="1">
  <reporter-output>
  </reporter-output>
  <suite name="Suite" duration-ms="68" started-at="2021-01-22T08:40:54 EST" finished-at="2021-01-22T08:40:54 EST">
    <groups>
    </groups>
    <test name="Test" duration-ms="68" started-at="2021-01-22T08:40:54 EST" finished-at="2021-01-22T08:40:54 EST">
      <class name="abstraction.Test_Abstraction">
        <test-method status="PASS" signature="test()[pri:0, instance:abstraction.Test_Abstraction@7791a895]" name="test" duration-ms="28" started-at="2021-01-22T08:40:54 EST" finished-at="2021-01-22T08:40:54 EST">
          <reporter-output>
          </reporter-output>
        </test-method> <!-- test -->
      </class> <!-- abstraction.Test_Abstraction -->
    </test> <!-- Test -->
  </suite> <!-- Suite -->
</testng-results>
