<?xml version="1.0" encoding="UTF-8"?>
<testng-results skipped="0" failed="0" ignored="0" total="1" passed="1">
  <reporter-output>
  </reporter-output>
  <suite name="Default suite" duration-ms="12649" started-at="2021-02-20T02:15:24 EST" finished-at="2021-02-20T02:15:37 EST">
    <groups>
    </groups>
    <test name="Default test" duration-ms="12649" started-at="2021-02-20T02:15:24 EST" finished-at="2021-02-20T02:15:37 EST">
      <class name="testNG_Allure_Reports.FlightBooking">
        <test-method status="PASS" signature="bookOneWayTicket()[pri:0, instance:testNG_Allure_Reports.FlightBooking@3aefe5e5]" name="bookOneWayTicket" duration-ms="12421" started-at="2021-02-20T02:15:24 EST" finished-at="2021-02-20T02:15:36 EST">
          <reporter-output>
          </reporter-output>
        </test-method> <!-- bookOneWayTicket -->
      </class> <!-- testNG_Allure_Reports.FlightBooking -->
    </test> <!-- Default test -->
  </suite> <!-- Default suite -->
</testng-results>
