<?xml version="1.0" encoding="UTF-8"?>
<testng-results skipped="0" failed="0" ignored="0" total="1" passed="1">
  <reporter-output>
  </reporter-output>
  <suite name="Default suite" duration-ms="8092" started-at="2021-02-04T01:51:20 EST" finished-at="2021-02-04T01:51:28 EST">
    <groups>
    </groups>
    <test name="Default test" duration-ms="8092" started-at="2021-02-04T01:51:20 EST" finished-at="2021-02-04T01:51:28 EST">
      <class name="testNG_Allure_Reports.HeadLessBrowserConcepts">
        <test-method status="PASS" signature="headlessrowserTest()[pri:0, instance:testNG_Allure_Reports.HeadLessBrowserConcepts@4386f16]" name="headlessrowserTest" duration-ms="7843" started-at="2021-02-04T01:51:20 EST" finished-at="2021-02-04T01:51:28 EST">
          <reporter-output>
          </reporter-output>
        </test-method> <!-- headlessrowserTest -->
      </class> <!-- testNG_Allure_Reports.HeadLessBrowserConcepts -->
    </test> <!-- Default test -->
  </suite> <!-- Default suite -->
</testng-results>
