<?xml version="1.0" encoding="UTF-8"?>
<testng-results skipped="0" failed="0" ignored="0" total="1" passed="1">
  <reporter-output>
  </reporter-output>
  <suite name="Default suite" duration-ms="19324" started-at="2021-02-06T03:45:30 EST" finished-at="2021-02-06T03:45:49 EST">
    <groups>
    </groups>
    <test name="Default test" duration-ms="19324" started-at="2021-02-06T03:45:30 EST" finished-at="2021-02-06T03:45:49 EST">
      <class name="com.qa.multicart.test.RegistrationPageTest">
        <test-method status="PASS" signature="setUp()[pri:0, instance:com.qa.multicart.test.RegistrationPageTest@48503868]" name="setUp" is-config="true" duration-ms="13880" started-at="2021-02-06T03:45:30 EST" finished-at="2021-02-06T03:45:44 EST">
          <reporter-output>
          </reporter-output>
        </test-method> <!-- setUp -->
        <test-method status="PASS" signature="createAccountTest()[pri:0, instance:com.qa.multicart.test.RegistrationPageTest@48503868]" name="createAccountTest" duration-ms="858" started-at="2021-02-06T03:45:44 EST" finished-at="2021-02-06T03:45:44 EST">
          <reporter-output>
          </reporter-output>
        </test-method> <!-- createAccountTest -->
        <test-method status="PASS" signature="closeBrowser()[pri:0, instance:com.qa.multicart.test.RegistrationPageTest@48503868]" name="closeBrowser" is-config="true" duration-ms="4502" started-at="2021-02-06T03:45:44 EST" finished-at="2021-02-06T03:45:49 EST">
          <reporter-output>
          </reporter-output>
        </test-method> <!-- closeBrowser -->
      </class> <!-- com.qa.multicart.test.RegistrationPageTest -->
    </test> <!-- Default test -->
  </suite> <!-- Default suite -->
</testng-results>
