<?xml version="1.0" encoding="UTF-8"?>
<!-- Generated by org.testng.reporters.JUnitXMLReporter -->
<testsuite hostname="DESKTOP-GBMD9S2" ignored="0" name="Default test" tests="1" failures="1" timestamp="2021-02-19T02:53:04 EST" time="24.899" errors="0">
  <testcase name="test" time="10.32" classname="allytest.AmazonAllyTest">
    <failure type="java.lang.AssertionError" message="Found 6 accessibility violations:
1) ARIA hidden element must not contain focusable elements: https://dequeuniversity.com/rules/axe/3.5/aria-hidden-focus?application=axeAPI
  a) [&amp;quot;.a-carousel-card[aria-setsize=\&amp;quot;\\37 \&amp;quot;][aria-posinset=\&amp;quot;\\33 \&amp;quot;]&amp;quot;]
    Fix all of the following:
      Focusable content should have tabindex=&amp;apos;-1&amp;apos; or be removed from the DOM


2) Alternative text of images should not be repeated as text: https://dequeuniversity.com/rules/axe/3.5/image-redundant-alt?application=axeAPI
  a) [&amp;quot;img[alt=\&amp;quot;Buy\\ Black\&amp;quot;]&amp;quot;]
    Fix all of the following:
      Element contains &amp;lt;img&amp;gt; element with alt text that duplicates existing text


  b) [&amp;quot;img[alt=\&amp;quot;TV\\ \\&amp;amp;\\ Film\&amp;quot;]&amp;quot;]
    Fix all of the following:
      Element contains &amp;lt;img&amp;gt; element with alt text that duplicates existing text


  c) [&amp;quot;img[alt=\&amp;quot;Books\&amp;quot;]&amp;quot;]
    Fix all of the following:
      Element contains &amp;lt;img&amp;gt; element with alt text that duplicates existing text


  d) [&amp;quot;img[alt=\&amp;quot;Music\&amp;quot;]&amp;quot;]
    Fix all of the following:
      Element contains &amp;lt;img&amp;gt; element with alt text that duplicates existing text


  e) [&amp;quot;img[alt=\&amp;quot;Ring\\ Video\\ Doorbell\\ Pro\&amp;quot;]&amp;quot;]
    Fix all of the following:
      Element contains &amp;lt;img&amp;gt; element with alt text that duplicates existing text


  f) [&amp;quot;img[alt=\&amp;quot;Echo\\ Auto\&amp;quot;]&amp;quot;]
    Fix all of the following:
      Element contains &amp;lt;img&amp;gt; element with alt text that duplicates existing text


  g) [&amp;quot;img[alt=\&amp;quot;Kindle\\ Paperwhite\&amp;quot;]&amp;quot;]
    Fix all of the following:
      Element contains &amp;lt;img&amp;gt; element with alt text that duplicates existing text


  h) [&amp;quot;img[alt=\&amp;quot;Ring\\ Stick\\ Up\\ Cam\\ Wired\&amp;quot;]&amp;quot;]
    Fix all of the following:
      Element contains &amp;lt;img&amp;gt; element with alt text that duplicates existing text


  i) [&amp;quot;img[alt=\&amp;quot;Video\\ Doorbell\\ 3\&amp;quot;]&amp;quot;]
    Fix all of the following:
      Element contains &amp;lt;img&amp;gt; element with alt text that duplicates existing text


  j) [&amp;quot;img[alt=\&amp;quot;Blink\\ Mini\\ Cam\&amp;quot;]&amp;quot;]
    Fix all of the following:
      Element contains &amp;lt;img&amp;gt; element with alt text that duplicates existing text


  k) [&amp;quot;img[alt=\&amp;quot;Blink\\ Outdoor\\ Cam\&amp;quot;]&amp;quot;]
    Fix all of the following:
      Element contains &amp;lt;img&amp;gt; element with alt text that duplicates existing text


  l) [&amp;quot;img[alt=\&amp;quot;eero\\ mesh\\ wifi\&amp;quot;]&amp;quot;]
    Fix all of the following:
      Element contains &amp;lt;img&amp;gt; element with alt text that duplicates existing text


  m) [&amp;quot;img[alt=\&amp;quot;Necklaces\&amp;quot;]&amp;quot;]
    Fix all of the following:
      Element contains &amp;lt;img&amp;gt; element with alt text that duplicates existing text


  n) [&amp;quot;img[alt=\&amp;quot;Bracelets\&amp;quot;]&amp;quot;]
    Fix all of the following:
      Element contains &amp;lt;img&amp;gt; element with alt text that duplicates existing text


  o) [&amp;quot;img[alt=\&amp;quot;Rings\&amp;quot;]&amp;quot;]
    Fix all of the following:
      Element contains &amp;lt;img&amp;gt; element with alt text that duplicates existing text


  p) [&amp;quot;img[alt=\&amp;quot;Earrings\&amp;quot;]&amp;quot;]
    Fix all of the following:
      Element contains &amp;lt;img&amp;gt; element with alt text that duplicates existing text


  q) [&amp;quot;img[alt=\&amp;quot;Ring\\ Spotlight\&amp;quot;]&amp;quot;]
    Fix all of the following:
      Element contains &amp;lt;img&amp;gt; element with alt text that duplicates existing text


  r) [&amp;quot;img[alt=\&amp;quot;Solar\\ Floodlight\\ \\+\\ Bridge\&amp;quot;]&amp;quot;]
    Fix all of the following:
      Element contains &amp;lt;img&amp;gt; element with alt text that duplicates existing text


  s) [&amp;quot;img[alt=\&amp;quot;Ring\\ Steplight\&amp;quot;]&amp;quot;]
    Fix all of the following:
      Element contains &amp;lt;img&amp;gt; element with alt text that duplicates existing text


  t) [&amp;quot;img[alt=\&amp;quot;Ring\\ Smart\\ Bulb\\ kit\&amp;quot;]&amp;quot;]
    Fix all of the following:
      Element contains &amp;lt;img&amp;gt; element with alt text that duplicates existing text


  u) [&amp;quot;img[alt=\&amp;quot;For\\ adults\&amp;quot;]&amp;quot;]
    Fix all of the following:
      Element contains &amp;lt;img&amp;gt; element with alt text that duplicates existing text


  v) [&amp;quot;img[alt=\&amp;quot;For\\ babies\&amp;quot;]&amp;quot;]
    Fix all of the following:
      Element contains &amp;lt;img&amp;gt; element with alt text that duplicates existing text


  w) [&amp;quot;img[alt=\&amp;quot;For\\ kids\&amp;quot;]&amp;quot;]
    Fix all of the following:
      Element contains &amp;lt;img&amp;gt; element with alt text that duplicates existing text


  x) [&amp;quot;img[alt=\&amp;quot;For\\ teens\&amp;quot;]&amp;quot;]
    Fix all of the following:
      Element contains &amp;lt;img&amp;gt; element with alt text that duplicates existing text


  y) [&amp;quot;img[alt=\&amp;quot;Table\\ lamps\&amp;quot;]&amp;quot;]
    Fix all of the following:
      Element contains &amp;lt;img&amp;gt; element with alt text that duplicates existing text


  z) [&amp;quot;img[alt=\&amp;quot;Beds\&amp;quot;]&amp;quot;]
    Fix all of the following:
      Element contains &amp;lt;img&amp;gt; element with alt text that duplicates existing text


  aa) [&amp;quot;img[alt=\&amp;quot;Coffee\\ tables\&amp;quot;]&amp;quot;]
    Fix all of the following:
      Element contains &amp;lt;img&amp;gt; element with alt text that duplicates existing text


  ab) [&amp;quot;img[alt=\&amp;quot;Sofas\&amp;quot;]&amp;quot;]
    Fix all of the following:
      Element contains &amp;lt;img&amp;gt; element with alt text that duplicates existing text


  ac) [&amp;quot;img[alt=\&amp;quot;Amazon\\ Smart\\ Plug\&amp;quot;]&amp;quot;]
    Fix all of the following:
      Element contains &amp;lt;img&amp;gt; element with alt text that duplicates existing text


  ad) [&amp;quot;img[alt=\&amp;quot;Sengled\\ Smart\\ Bulb\&amp;quot;]&amp;quot;]
    Fix all of the following:
      Element contains &amp;lt;img&amp;gt; element with alt text that duplicates existing text


  ae) [&amp;quot;img[alt=\&amp;quot;Toshiba\\ Smart\\ Air\\ Purifier\&amp;quot;]&amp;quot;]
    Fix all of the following:
      Element contains &amp;lt;img&amp;gt; element with alt text that duplicates existing text


  af) [&amp;quot;img[alt=\&amp;quot;Wyze\\ Smart\\ Lock\&amp;quot;]&amp;quot;]
    Fix all of the following:
      Element contains &amp;lt;img&amp;gt; element with alt text that duplicates existing text


3) Form elements should have a visible label: https://dequeuniversity.com/rules/axe/3.5/label-title-only?application=axeAPI
  a) [&amp;quot;#searchDropdownBox&amp;quot;]
    Fix all of the following:
      Only title used to generate label for form element


4) Links must have discernible text: https://dequeuniversity.com/rules/axe/3.5/link-name?application=axeAPI
  a) [&amp;quot;a[href$=\&amp;quot;ref\\=footer_logo\&amp;quot;]&amp;quot;]
    Fix all of the following:
      Element is in tab order and does not have accessible text

    Fix any of the following:
      Element does not have text that is visible to screen readers
      aria-label attribute does not exist or is empty
      aria-labelledby attribute does not exist, references elements that do not exist or references elements that are empty
      Element&amp;apos;s default semantics were not overridden with role=&amp;quot;presentation&amp;quot;
      Element&amp;apos;s default semantics were not overridden with role=&amp;quot;none&amp;quot;


5) Page must contain a level-one heading: https://dequeuniversity.com/rules/axe/3.5/page-has-heading-one?application=axeAPI
  a) [&amp;quot;html&amp;quot;]
    Fix all of the following:
      Page must have a level-one heading


6) All page content must be contained by landmarks: https://dequeuniversity.com/rules/axe/3.5/region?application=axeAPI
  a) [&amp;quot;#skiplink&amp;quot;]
    Fix any of the following:
      Some page content is not contained by landmarks


  b) [&amp;quot;#navBackToTop&amp;quot;]
    Fix any of the following:
      Some page content is not contained by landmarks


  c) [&amp;quot;.navFooterVerticalColumn&amp;quot;]
    Fix any of the following:
      Some page content is not contained by landmarks


  d) [&amp;quot;#icp-touch-link-language &amp;gt; .icp-color-base&amp;quot;]
    Fix any of the following:
      Some page content is not contained by landmarks


  e) [&amp;quot;#icp-touch-link-country &amp;gt; .icp-color-base&amp;quot;]
    Fix any of the following:
      Some page content is not contained by landmarks


  f) [&amp;quot;.navFooterCopyright&amp;quot;]
    Fix any of the following:
      Some page content is not contained by landmarks

 expected [true] but found [false]">
      <![CDATA[java.lang.AssertionError: Found 6 accessibility violations:
1) ARIA hidden element must not contain focusable elements: https://dequeuniversity.com/rules/axe/3.5/aria-hidden-focus?application=axeAPI
  a) [".a-carousel-card[aria-setsize=\"\\37 \"][aria-posinset=\"\\33 \"]"]
    Fix all of the following:
      Focusable content should have tabindex='-1' or be removed from the DOM


2) Alternative text of images should not be repeated as text: https://dequeuniversity.com/rules/axe/3.5/image-redundant-alt?application=axeAPI
  a) ["img[alt=\"Buy\\ Black\"]"]
    Fix all of the following:
      Element contains <img> element with alt text that duplicates existing text


  b) ["img[alt=\"TV\\ \\&\\ Film\"]"]
    Fix all of the following:
      Element contains <img> element with alt text that duplicates existing text


  c) ["img[alt=\"Books\"]"]
    Fix all of the following:
      Element contains <img> element with alt text that duplicates existing text


  d) ["img[alt=\"Music\"]"]
    Fix all of the following:
      Element contains <img> element with alt text that duplicates existing text


  e) ["img[alt=\"Ring\\ Video\\ Doorbell\\ Pro\"]"]
    Fix all of the following:
      Element contains <img> element with alt text that duplicates existing text


  f) ["img[alt=\"Echo\\ Auto\"]"]
    Fix all of the following:
      Element contains <img> element with alt text that duplicates existing text


  g) ["img[alt=\"Kindle\\ Paperwhite\"]"]
    Fix all of the following:
      Element contains <img> element with alt text that duplicates existing text


  h) ["img[alt=\"Ring\\ Stick\\ Up\\ Cam\\ Wired\"]"]
    Fix all of the following:
      Element contains <img> element with alt text that duplicates existing text


  i) ["img[alt=\"Video\\ Doorbell\\ 3\"]"]
    Fix all of the following:
      Element contains <img> element with alt text that duplicates existing text


  j) ["img[alt=\"Blink\\ Mini\\ Cam\"]"]
    Fix all of the following:
      Element contains <img> element with alt text that duplicates existing text


  k) ["img[alt=\"Blink\\ Outdoor\\ Cam\"]"]
    Fix all of the following:
      Element contains <img> element with alt text that duplicates existing text


  l) ["img[alt=\"eero\\ mesh\\ wifi\"]"]
    Fix all of the following:
      Element contains <img> element with alt text that duplicates existing text


  m) ["img[alt=\"Necklaces\"]"]
    Fix all of the following:
      Element contains <img> element with alt text that duplicates existing text


  n) ["img[alt=\"Bracelets\"]"]
    Fix all of the following:
      Element contains <img> element with alt text that duplicates existing text


  o) ["img[alt=\"Rings\"]"]
    Fix all of the following:
      Element contains <img> element with alt text that duplicates existing text


  p) ["img[alt=\"Earrings\"]"]
    Fix all of the following:
      Element contains <img> element with alt text that duplicates existing text


  q) ["img[alt=\"Ring\\ Spotlight\"]"]
    Fix all of the following:
      Element contains <img> element with alt text that duplicates existing text


  r) ["img[alt=\"Solar\\ Floodlight\\ \\+\\ Bridge\"]"]
    Fix all of the following:
      Element contains <img> element with alt text that duplicates existing text


  s) ["img[alt=\"Ring\\ Steplight\"]"]
    Fix all of the following:
      Element contains <img> element with alt text that duplicates existing text


  t) ["img[alt=\"Ring\\ Smart\\ Bulb\\ kit\"]"]
    Fix all of the following:
      Element contains <img> element with alt text that duplicates existing text


  u) ["img[alt=\"For\\ adults\"]"]
    Fix all of the following:
      Element contains <img> element with alt text that duplicates existing text


  v) ["img[alt=\"For\\ babies\"]"]
    Fix all of the following:
      Element contains <img> element with alt text that duplicates existing text


  w) ["img[alt=\"For\\ kids\"]"]
    Fix all of the following:
      Element contains <img> element with alt text that duplicates existing text


  x) ["img[alt=\"For\\ teens\"]"]
    Fix all of the following:
      Element contains <img> element with alt text that duplicates existing text


  y) ["img[alt=\"Table\\ lamps\"]"]
    Fix all of the following:
      Element contains <img> element with alt text that duplicates existing text


  z) ["img[alt=\"Beds\"]"]
    Fix all of the following:
      Element contains <img> element with alt text that duplicates existing text


  aa) ["img[alt=\"Coffee\\ tables\"]"]
    Fix all of the following:
      Element contains <img> element with alt text that duplicates existing text


  ab) ["img[alt=\"Sofas\"]"]
    Fix all of the following:
      Element contains <img> element with alt text that duplicates existing text


  ac) ["img[alt=\"Amazon\\ Smart\\ Plug\"]"]
    Fix all of the following:
      Element contains <img> element with alt text that duplicates existing text


  ad) ["img[alt=\"Sengled\\ Smart\\ Bulb\"]"]
    Fix all of the following:
      Element contains <img> element with alt text that duplicates existing text


  ae) ["img[alt=\"Toshiba\\ Smart\\ Air\\ Purifier\"]"]
    Fix all of the following:
      Element contains <img> element with alt text that duplicates existing text


  af) ["img[alt=\"Wyze\\ Smart\\ Lock\"]"]
    Fix all of the following:
      Element contains <img> element with alt text that duplicates existing text


3) Form elements should have a visible label: https://dequeuniversity.com/rules/axe/3.5/label-title-only?application=axeAPI
  a) ["#searchDropdownBox"]
    Fix all of the following:
      Only title used to generate label for form element


4) Links must have discernible text: https://dequeuniversity.com/rules/axe/3.5/link-name?application=axeAPI
  a) ["a[href$=\"ref\\=footer_logo\"]"]
    Fix all of the following:
      Element is in tab order and does not have accessible text

    Fix any of the following:
      Element does not have text that is visible to screen readers
      aria-label attribute does not exist or is empty
      aria-labelledby attribute does not exist, references elements that do not exist or references elements that are empty
      Element's default semantics were not overridden with role="presentation"
      Element's default semantics were not overridden with role="none"


5) Page must contain a level-one heading: https://dequeuniversity.com/rules/axe/3.5/page-has-heading-one?application=axeAPI
  a) ["html"]
    Fix all of the following:
      Page must have a level-one heading


6) All page content must be contained by landmarks: https://dequeuniversity.com/rules/axe/3.5/region?application=axeAPI
  a) ["#skiplink"]
    Fix any of the following:
      Some page content is not contained by landmarks


  b) ["#navBackToTop"]
    Fix any of the following:
      Some page content is not contained by landmarks


  c) [".navFooterVerticalColumn"]
    Fix any of the following:
      Some page content is not contained by landmarks


  d) ["#icp-touch-link-language > .icp-color-base"]
    Fix any of the following:
      Some page content is not contained by landmarks


  e) ["#icp-touch-link-country > .icp-color-base"]
    Fix any of the following:
      Some page content is not contained by landmarks


  f) [".navFooterCopyright"]
    Fix any of the following:
      Some page content is not contained by landmarks

 expected [true] but found [false]
at org.testng.Assert.fail(Assert.java:99)
at org.testng.Assert.failNotEquals(Assert.java:1037)
at org.testng.Assert.assertTrue(Assert.java:45)
at allytest.AmazonAllyTest.test(AmazonAllyTest.java:41)
at sun.reflect.NativeMethodAccessorImpl.invoke0(Native Method)
at sun.reflect.NativeMethodAccessorImpl.invoke(Unknown Source)
at sun.reflect.DelegatingMethodAccessorImpl.invoke(Unknown Source)
at java.lang.reflect.Method.invoke(Unknown Source)
at org.testng.internal.MethodInvocationHelper.invokeMethod(MethodInvocationHelper.java:132)
at org.testng.internal.TestInvoker.invokeMethod(TestInvoker.java:599)
at org.testng.internal.TestInvoker.invokeTestMethod(TestInvoker.java:174)
at org.testng.internal.MethodRunner.runInSequence(MethodRunner.java:46)
at org.testng.internal.TestInvoker$MethodInvocationAgent.invoke(TestInvoker.java:822)
at org.testng.internal.TestInvoker.invokeTestMethods(TestInvoker.java:147)
at org.testng.internal.TestMethodWorker.invokeTestMethods(TestMethodWorker.java:146)
at org.testng.internal.TestMethodWorker.run(TestMethodWorker.java:128)
at java.util.ArrayList.forEach(Unknown Source)
at org.testng.TestRunner.privateRun(TestRunner.java:764)
at org.testng.TestRunner.run(TestRunner.java:585)
at org.testng.SuiteRunner.runTest(SuiteRunner.java:384)
at org.testng.SuiteRunner.runSequentially(SuiteRunner.java:378)
at org.testng.SuiteRunner.privateRun(SuiteRunner.java:337)
at org.testng.SuiteRunner.run(SuiteRunner.java:286)
at org.testng.SuiteRunnerWorker.runSuite(SuiteRunnerWorker.java:53)
at org.testng.SuiteRunnerWorker.run(SuiteRunnerWorker.java:96)
at org.testng.TestNG.runSuitesSequentially(TestNG.java:1218)
at org.testng.TestNG.runSuitesLocally(TestNG.java:1140)
at org.testng.TestNG.runSuites(TestNG.java:1069)
at org.testng.TestNG.run(TestNG.java:1037)
at org.testng.remote.AbstractRemoteTestNG.run(AbstractRemoteTestNG.java:115)
at org.testng.remote.RemoteTestNG.initAndRun(RemoteTestNG.java:251)
at org.testng.remote.RemoteTestNG.main(RemoteTestNG.java:77)
]]>
    </failure>
  </testcase> <!-- test -->
</testsuite> <!-- Default test -->
