<?xml version="1.0" encoding="UTF-8"?>
<testng-results skipped="0" failed="0" ignored="0" total="2" passed="2">
  <reporter-output>
  </reporter-output>
  <suite name="Suite" duration-ms="26630" started-at="2021-01-20T00:55:08 EST" finished-at="2021-01-20T00:55:35 EST">
    <groups>
    </groups>
    <test name="Test" duration-ms="26630" started-at="2021-01-20T00:55:08 EST" finished-at="2021-01-20T00:55:35 EST">
      <class name="allureReports.AllureRepoting">
        <test-method status="PASS" signature="validateTitle()[pri:0, instance:allureReports.AllureRepoting@778d1062]" name="validateTitle" duration-ms="15292" started-at="2021-01-20T00:55:19 EST" finished-at="2021-01-20T00:55:35 EST">
          <reporter-output>
          </reporter-output>
        </test-method> <!-- validateTitle -->
      </class> <!-- allureReports.AllureRepoting -->
      <class name="SimpleEvenetListener.Facebook_title">
        <test-method status="PASS" signature="understandingListener()[pri:0, instance:SimpleEvenetListener.Facebook_title@2b6faea6]" name="understandingListener" duration-ms="11137" started-at="2021-01-20T00:55:08 EST" finished-at="2021-01-20T00:55:19 EST">
          <reporter-output>
          </reporter-output>
        </test-method> <!-- understandingListener -->
      </class> <!-- SimpleEvenetListener.Facebook_title -->
    </test> <!-- Test -->
  </suite> <!-- Suite -->
</testng-results>
